<?xml version="1.0" encoding="UTF-8"?>
<!-- Generated by org.testng.reporters.JUnitXMLReporter -->
<testsuite hostname="LAPTOP-0HGATUBU" ignored="0" name="POM Free CRM Test Cases" tests="13" failures="0" timestamp="28 Sep 2019 10:13:28 GMT" time="322.741" errors="0">
  <testcase name="verifyDealsLabelTest" time="0.13" classname="com.crm.qa.testcases.DealsPageTest"/>
  <testcase name="verifyTasksLabelTest" time="0.151" classname="com.crm.qa.testcases.TasksPageTest"/>
  <testcase name="loginPageTitleTest" time="0.018" classname="com.crm.qa.testcases.LoginPageTest"/>
  <testcase name="verifyHomePageTitleTest" time="0.016" classname="com.crm.qa.testcases.HomePageTest"/>
  <testcase name="verifyContactsLabelTest" time="0.109" classname="com.crm.qa.testcases.ContactsPageTest"/>
  <testcase name="crmLogoImageTest" time="0.129" classname="com.crm.qa.testcases.LoginPageTest"/>
  <testcase name="verifyUserNameTest" time="0.133" classname="com.crm.qa.testcases.HomePageTest"/>
  <testcase name="selectContactsTest" time="0.205" classname="com.crm.qa.testcases.ContactsPageTest"/>
  <testcase name="loginTest" time="4.86" classname="com.crm.qa.testcases.LoginPageTest"/>
  <testcase name="verifyContactsLinkTest" time="1.721" classname="com.crm.qa.testcases.HomePageTest"/>
  <testcase name="validateCreateNewContact" time="11.895" classname="com.crm.qa.testcases.ContactsPageTest"/>
  <testcase name="validateCreateNewContact" time="4.85" classname="com.crm.qa.testcases.ContactsPageTest"/>
  <testcase name="validateCreateNewContact" time="5.392" classname="com.crm.qa.testcases.ContactsPageTest"/>
</testsuite> <!-- POM Free CRM Test Cases -->
