<?xml version="1.0" encoding="UTF-8"?>
<testng-results skipped="0" failed="0" ignored="0" total="13" passed="13">
  <reporter-output>
  </reporter-output>
  <suite name="POMTestNGSeleenium Test Suite" duration-ms="322741" started-at="2019-09-28T10:08:05Z" finished-at="2019-09-28T10:13:28Z">
    <groups>
    </groups>
    <test name="POM Free CRM Test Cases" duration-ms="322741" started-at="2019-09-28T10:08:05Z" finished-at="2019-09-28T10:13:28Z">
      <class name="com.crm.qa.testcases.HomePageTest">
        <test-method status="PASS" signature="setup()[pri:0, instance:com.crm.qa.testcases.HomePageTest@4883b407]" name="setup" is-config="true" duration-ms="24340" started-at="2019-09-28T15:39:19Z" finished-at="2019-09-28T15:39:43Z">
          <reporter-output>
          </reporter-output>
        </test-method> <!-- setup -->
        <test-method status="PASS" signature="verifyHomePageTitleTest()[pri:1, instance:com.crm.qa.testcases.HomePageTest@4883b407]" name="verifyHomePageTitleTest" duration-ms="16" started-at="2019-09-28T15:39:43Z" finished-at="2019-09-28T15:39:43Z">
          <reporter-output>
          </reporter-output>
        </test-method> <!-- verifyHomePageTitleTest -->
        <test-method status="PASS" signature="tearDown()[pri:0, instance:com.crm.qa.testcases.HomePageTest@4883b407]" name="tearDown" is-config="true" duration-ms="672" started-at="2019-09-28T15:39:43Z" finished-at="2019-09-28T15:39:44Z">
          <reporter-output>
          </reporter-output>
        </test-method> <!-- tearDown -->
        <test-method status="PASS" signature="setup()[pri:0, instance:com.crm.qa.testcases.HomePageTest@4883b407]" name="setup" is-config="true" duration-ms="20216" started-at="2019-09-28T15:40:26Z" finished-at="2019-09-28T15:40:46Z">
          <reporter-output>
          </reporter-output>
        </test-method> <!-- setup -->
        <test-method status="PASS" signature="verifyUserNameTest()[pri:2, instance:com.crm.qa.testcases.HomePageTest@4883b407]" name="verifyUserNameTest" duration-ms="133" started-at="2019-09-28T15:40:46Z" finished-at="2019-09-28T15:40:46Z">
          <reporter-output>
          </reporter-output>
        </test-method> <!-- verifyUserNameTest -->
        <test-method status="PASS" signature="tearDown()[pri:0, instance:com.crm.qa.testcases.HomePageTest@4883b407]" name="tearDown" is-config="true" duration-ms="712" started-at="2019-09-28T15:40:46Z" finished-at="2019-09-28T15:40:47Z">
          <reporter-output>
          </reporter-output>
        </test-method> <!-- tearDown -->
        <test-method status="PASS" signature="setup()[pri:0, instance:com.crm.qa.testcases.HomePageTest@4883b407]" name="setup" is-config="true" duration-ms="22509" started-at="2019-09-28T15:41:31Z" finished-at="2019-09-28T15:41:53Z">
          <reporter-output>
          </reporter-output>
        </test-method> <!-- setup -->
        <test-method status="PASS" signature="verifyContactsLinkTest()[pri:3, instance:com.crm.qa.testcases.HomePageTest@4883b407]" name="verifyContactsLinkTest" duration-ms="1721" started-at="2019-09-28T15:41:53Z" finished-at="2019-09-28T15:41:55Z">
          <reporter-output>
          </reporter-output>
        </test-method> <!-- verifyContactsLinkTest -->
        <test-method status="PASS" signature="tearDown()[pri:0, instance:com.crm.qa.testcases.HomePageTest@4883b407]" name="tearDown" is-config="true" duration-ms="789" started-at="2019-09-28T15:41:55Z" finished-at="2019-09-28T15:41:56Z">
          <reporter-output>
          </reporter-output>
        </test-method> <!-- tearDown -->
      </class> <!-- com.crm.qa.testcases.HomePageTest -->
      <class name="com.crm.qa.testcases.ContactsPageTest">
        <test-method status="PASS" signature="setup()[pri:0, instance:com.crm.qa.testcases.ContactsPageTest@7d9d1a19]" name="setup" is-config="true" duration-ms="22745" started-at="2019-09-28T15:39:44Z" finished-at="2019-09-28T15:40:07Z">
          <reporter-output>
          </reporter-output>
        </test-method> <!-- setup -->
        <test-method status="PASS" signature="verifyContactsLabelTest()[pri:1, instance:com.crm.qa.testcases.ContactsPageTest@7d9d1a19]" name="verifyContactsLabelTest" duration-ms="109" started-at="2019-09-28T15:40:07Z" finished-at="2019-09-28T15:40:07Z">
          <reporter-output>
          </reporter-output>
        </test-method> <!-- verifyContactsLabelTest -->
        <test-method status="PASS" signature="tearDown()[pri:0, instance:com.crm.qa.testcases.ContactsPageTest@7d9d1a19]" name="tearDown" is-config="true" duration-ms="728" started-at="2019-09-28T15:40:07Z" finished-at="2019-09-28T15:40:08Z">
          <reporter-output>
          </reporter-output>
        </test-method> <!-- tearDown -->
        <test-method status="PASS" signature="setup()[pri:0, instance:com.crm.qa.testcases.ContactsPageTest@7d9d1a19]" name="setup" is-config="true" duration-ms="22013" started-at="2019-09-28T15:40:47Z" finished-at="2019-09-28T15:41:09Z">
          <reporter-output>
          </reporter-output>
        </test-method> <!-- setup -->
        <test-method status="PASS" signature="selectContactsTest()[pri:2, instance:com.crm.qa.testcases.ContactsPageTest@7d9d1a19]" name="selectContactsTest" duration-ms="205" started-at="2019-09-28T15:41:09Z" finished-at="2019-09-28T15:41:09Z">
          <reporter-output>
          </reporter-output>
        </test-method> <!-- selectContactsTest -->
        <test-method status="PASS" signature="tearDown()[pri:0, instance:com.crm.qa.testcases.ContactsPageTest@7d9d1a19]" name="tearDown" is-config="true" duration-ms="853" started-at="2019-09-28T15:41:09Z" finished-at="2019-09-28T15:41:10Z">
          <reporter-output>
          </reporter-output>
        </test-method> <!-- tearDown -->
        <test-method status="PASS" signature="setup()[pri:0, instance:com.crm.qa.testcases.ContactsPageTest@7d9d1a19]" name="setup" is-config="true" duration-ms="22756" started-at="2019-09-28T15:41:57Z" finished-at="2019-09-28T15:42:20Z">
          <reporter-output>
          </reporter-output>
        </test-method> <!-- setup -->
        <test-method status="PASS" signature="validateCreateNewContact(java.lang.String, java.lang.String, java.lang.String, java.lang.String)[pri:3, instance:com.crm.qa.testcases.ContactsPageTest@7d9d1a19]" name="validateCreateNewContact" duration-ms="11895" started-at="2019-09-28T15:42:20Z" data-provider="getCRMTestData" finished-at="2019-09-28T15:42:32Z">
          <params>
            <param index="0">
              <value>
                <![CDATA[Mr.]]>
              </value>
            </param>
            <param index="1">
              <value>
                <![CDATA[Vineet]]>
              </value>
            </param>
            <param index="2">
              <value>
                <![CDATA[Bansal]]>
              </value>
            </param>
            <param index="3">
              <value>
                <![CDATA[Amazon]]>
              </value>
            </param>
          </params>
          <reporter-output>
          </reporter-output>
        </test-method> <!-- validateCreateNewContact -->
        <test-method status="PASS" signature="tearDown()[pri:0, instance:com.crm.qa.testcases.ContactsPageTest@7d9d1a19]" name="tearDown" is-config="true" duration-ms="824" started-at="2019-09-28T15:42:32Z" finished-at="2019-09-28T15:42:33Z">
          <reporter-output>
          </reporter-output>
        </test-method> <!-- tearDown -->
        <test-method status="PASS" signature="setup()[pri:0, instance:com.crm.qa.testcases.ContactsPageTest@7d9d1a19]" name="setup" is-config="true" duration-ms="21990" started-at="2019-09-28T15:42:33Z" finished-at="2019-09-28T15:42:55Z">
          <reporter-output>
          </reporter-output>
        </test-method> <!-- setup -->
        <test-method status="PASS" signature="validateCreateNewContact(java.lang.String, java.lang.String, java.lang.String, java.lang.String)[pri:3, instance:com.crm.qa.testcases.ContactsPageTest@7d9d1a19]" name="validateCreateNewContact" duration-ms="4850" started-at="2019-09-28T15:42:55Z" data-provider="getCRMTestData" finished-at="2019-09-28T15:42:59Z">
          <params>
            <param index="0">
              <value>
                <![CDATA[Dr.]]>
              </value>
            </param>
            <param index="1">
              <value>
                <![CDATA[Dinesh]]>
              </value>
            </param>
            <param index="2">
              <value>
                <![CDATA[Barua]]>
              </value>
            </param>
            <param index="3">
              <value>
                <![CDATA[Google]]>
              </value>
            </param>
          </params>
          <reporter-output>
          </reporter-output>
        </test-method> <!-- validateCreateNewContact -->
        <test-method status="PASS" signature="tearDown()[pri:0, instance:com.crm.qa.testcases.ContactsPageTest@7d9d1a19]" name="tearDown" is-config="true" duration-ms="781" started-at="2019-09-28T15:42:59Z" finished-at="2019-09-28T15:43:00Z">
          <reporter-output>
          </reporter-output>
        </test-method> <!-- tearDown -->
        <test-method status="PASS" signature="setup()[pri:0, instance:com.crm.qa.testcases.ContactsPageTest@7d9d1a19]" name="setup" is-config="true" duration-ms="21733" started-at="2019-09-28T15:43:00Z" finished-at="2019-09-28T15:43:22Z">
          <reporter-output>
          </reporter-output>
        </test-method> <!-- setup -->
        <test-method status="PASS" signature="validateCreateNewContact(java.lang.String, java.lang.String, java.lang.String, java.lang.String)[pri:3, instance:com.crm.qa.testcases.ContactsPageTest@7d9d1a19]" name="validateCreateNewContact" duration-ms="5392" started-at="2019-09-28T15:43:22Z" data-provider="getCRMTestData" finished-at="2019-09-28T15:43:27Z">
          <params>
            <param index="0">
              <value>
                <![CDATA[Mrs.]]>
              </value>
            </param>
            <param index="1">
              <value>
                <![CDATA[Mala]]>
              </value>
            </param>
            <param index="2">
              <value>
                <![CDATA[Sinha]]>
              </value>
            </param>
            <param index="3">
              <value>
                <![CDATA[Ebay]]>
              </value>
            </param>
          </params>
          <reporter-output>
          </reporter-output>
        </test-method> <!-- validateCreateNewContact -->
        <test-method status="PASS" signature="tearDown()[pri:0, instance:com.crm.qa.testcases.ContactsPageTest@7d9d1a19]" name="tearDown" is-config="true" duration-ms="717" started-at="2019-09-28T15:43:27Z" finished-at="2019-09-28T15:43:28Z">
          <reporter-output>
          </reporter-output>
        </test-method> <!-- tearDown -->
      </class> <!-- com.crm.qa.testcases.ContactsPageTest -->
      <class name="com.crm.qa.testcases.TasksPageTest">
        <test-method status="PASS" signature="setUp()[pri:0, instance:com.crm.qa.testcases.TasksPageTest@1794d431]" name="setUp" is-config="true" duration-ms="22593" started-at="2019-09-28T15:38:38Z" finished-at="2019-09-28T15:39:01Z">
          <reporter-output>
          </reporter-output>
        </test-method> <!-- setUp -->
        <test-method status="PASS" signature="verifyTasksLabelTest()[pri:0, instance:com.crm.qa.testcases.TasksPageTest@1794d431]" name="verifyTasksLabelTest" duration-ms="151" started-at="2019-09-28T15:39:01Z" finished-at="2019-09-28T15:39:01Z">
          <reporter-output>
          </reporter-output>
        </test-method> <!-- verifyTasksLabelTest -->
        <test-method status="PASS" signature="tearDown()[pri:0, instance:com.crm.qa.testcases.TasksPageTest@1794d431]" name="tearDown" is-config="true" duration-ms="737" started-at="2019-09-28T15:39:01Z" finished-at="2019-09-28T15:39:01Z">
          <reporter-output>
          </reporter-output>
        </test-method> <!-- tearDown -->
      </class> <!-- com.crm.qa.testcases.TasksPageTest -->
      <class name="com.crm.qa.testcases.LoginPageTest">
        <test-method status="PASS" signature="setup()[pri:0, instance:com.crm.qa.testcases.LoginPageTest@5622fdf]" name="setup" is-config="true" duration-ms="16056" started-at="2019-09-28T15:39:01Z" finished-at="2019-09-28T15:39:18Z">
          <reporter-output>
          </reporter-output>
        </test-method> <!-- setup -->
        <test-method status="PASS" signature="loginPageTitleTest()[pri:1, instance:com.crm.qa.testcases.LoginPageTest@5622fdf]" name="loginPageTitleTest" duration-ms="18" started-at="2019-09-28T15:39:18Z" finished-at="2019-09-28T15:39:18Z">
          <reporter-output>
          </reporter-output>
        </test-method> <!-- loginPageTitleTest -->
        <test-method status="PASS" signature="tearDown()[pri:0, instance:com.crm.qa.testcases.LoginPageTest@5622fdf]" name="tearDown" is-config="true" duration-ms="1429" started-at="2019-09-28T15:39:18Z" finished-at="2019-09-28T15:39:19Z">
          <reporter-output>
          </reporter-output>
        </test-method> <!-- tearDown -->
        <test-method status="PASS" signature="setup()[pri:0, instance:com.crm.qa.testcases.LoginPageTest@5622fdf]" name="setup" is-config="true" duration-ms="16924" started-at="2019-09-28T15:40:08Z" finished-at="2019-09-28T15:40:25Z">
          <reporter-output>
          </reporter-output>
        </test-method> <!-- setup -->
        <test-method status="PASS" signature="crmLogoImageTest()[pri:2, instance:com.crm.qa.testcases.LoginPageTest@5622fdf]" name="crmLogoImageTest" duration-ms="129" started-at="2019-09-28T15:40:25Z" finished-at="2019-09-28T15:40:25Z">
          <reporter-output>
          </reporter-output>
        </test-method> <!-- crmLogoImageTest -->
        <test-method status="PASS" signature="tearDown()[pri:0, instance:com.crm.qa.testcases.LoginPageTest@5622fdf]" name="tearDown" is-config="true" duration-ms="889" started-at="2019-09-28T15:40:25Z" finished-at="2019-09-28T15:40:26Z">
          <reporter-output>
          </reporter-output>
        </test-method> <!-- tearDown -->
        <test-method status="PASS" signature="setup()[pri:0, instance:com.crm.qa.testcases.LoginPageTest@5622fdf]" name="setup" is-config="true" duration-ms="15566" started-at="2019-09-28T15:41:10Z" finished-at="2019-09-28T15:41:25Z">
          <reporter-output>
          </reporter-output>
        </test-method> <!-- setup -->
        <test-method status="PASS" signature="loginTest()[pri:3, instance:com.crm.qa.testcases.LoginPageTest@5622fdf]" name="loginTest" duration-ms="4860" started-at="2019-09-28T15:41:25Z" finished-at="2019-09-28T15:41:30Z">
          <reporter-output>
          </reporter-output>
        </test-method> <!-- loginTest -->
        <test-method status="PASS" signature="tearDown()[pri:0, instance:com.crm.qa.testcases.LoginPageTest@5622fdf]" name="tearDown" is-config="true" duration-ms="726" started-at="2019-09-28T15:41:30Z" finished-at="2019-09-28T15:41:31Z">
          <reporter-output>
          </reporter-output>
        </test-method> <!-- tearDown -->
      </class> <!-- com.crm.qa.testcases.LoginPageTest -->
      <class name="com.crm.qa.testcases.DealsPageTest">
        <test-method status="PASS" signature="setup()[pri:0, instance:com.crm.qa.testcases.DealsPageTest@39c0f4a]" name="setup" is-config="true" duration-ms="31474" started-at="2019-09-28T15:38:05Z" finished-at="2019-09-28T15:38:37Z">
          <reporter-output>
          </reporter-output>
        </test-method> <!-- setup -->
        <test-method status="PASS" signature="verifyDealsLabelTest()[pri:0, instance:com.crm.qa.testcases.DealsPageTest@39c0f4a]" name="verifyDealsLabelTest" duration-ms="130" started-at="2019-09-28T15:38:37Z" finished-at="2019-09-28T15:38:37Z">
          <reporter-output>
          </reporter-output>
        </test-method> <!-- verifyDealsLabelTest -->
        <test-method status="PASS" signature="tearDown()[pri:0, instance:com.crm.qa.testcases.DealsPageTest@39c0f4a]" name="tearDown" is-config="true" duration-ms="1110" started-at="2019-09-28T15:38:37Z" finished-at="2019-09-28T15:38:38Z">
          <reporter-output>
          </reporter-output>
        </test-method> <!-- tearDown -->
      </class> <!-- com.crm.qa.testcases.DealsPageTest -->
    </test> <!-- POM Free CRM Test Cases -->
  </suite> <!-- POMTestNGSeleenium Test Suite -->
</testng-results>
